
avr. 12, 2018 17:28:25.70 NEW SESSION
avr. 12, 2018 17:28:25.70 Unable to read VR Path Registry from C:\Users\Thomas\AppData\Local\openvr\openvrpaths.vrpath
avr. 12, 2018 17:28:28.48 Unable to read VR Path Registry from C:\Users\Thomas\AppData\Local\openvr\openvrpaths.vrpath
avr. 12, 2018 17:28:28.98 Unable to read VR Path Registry from C:\Users\Thomas\AppData\Local\openvr\openvrpaths.vrpath
avr. 12, 2018 17:28:31.95 Unable to read VR Path Registry from C:\Users\Thomas\AppData\Local\openvr\openvrpaths.vrpath
avr. 12, 2018 17:28:39.01 Unable to read VR Path Registry from C:\Users\Thomas\AppData\Local\openvr\openvrpaths.vrpath
avr. 12, 2018 17:28:56.30 Unable to read VR Path Registry from C:\Users\Thomas\AppData\Local\openvr\openvrpaths.vrpath
avr. 12, 2018 17:29:04.31 Unable to read VR Path Registry from C:\Users\Thomas\AppData\Local\openvr\openvrpaths.vrpath
avr. 12, 2018 17:29:09.72 [Parent 9576, Gecko_IOThread] WARNING: pipe error: 109: file z:/build/build/src/ipc/chromium/src/chrome/common/ipc_channel_win.cc, line 346
avr. 12, 2018 17:29:09.72 [Child 2016, Chrome_ChildThread] WARNING: pipe error: 109: file z:/build/build/src/ipc/chromium/src/chrome/common/ipc_channel_win.cc, line 346
avr. 12, 2018 17:31:29.39 Unable to read VR Path Registry from C:\Users\Thomas\AppData\Local\openvr\openvrpaths.vrpath
avr. 12, 2018 17:34:46.62 [ChiUnable to read VR Path Registry from C:\Users\Thomas\AppData\Local\openvr\openvrpaths.vrpath
avr. 12, 2018 17:34:48.91 [Child 11592, Chrome_ChildThread] WARNING: pipe error: 109: file z:/build/build/src/ipc/chromium/src/chrome/common/ipc_channel_win.cc, line 346
avr. 12, 2018 17:34:50.49 [Child 11592, Chrome_ChildT[Child 9464, Chrome_ChildThread] WARNING: pipe error: 109: file z:/build/build/src/ipc/chromium/src/chrome/common/ipc_channel_win.cc, line 346
avr. 12, 2018 17:35:23.63 [Child 9464, Chrome_ChildThread] WARNING: Unable to read VR Path Registry from C:\Users\Thomas\AppData\Local\openvr\openvrpaths.vrpath
avr. 12, 2018 17:35:25.15 [Child 10208, Chrome_ChildTUnable to read VR Path Registry from C:\Users\Thomas\AppData\Local\openvr\openvrpaths.vrpath
avr. 12, 2018 17:37:18.37 Unable to read VR Path Registry from C:\Users\Thomas\AppData\Local\openvr\openvrpaths.vrpath
avr. 12, 2018 17:43:35.41 [[Child 1Unable to read VR Path Registry from C:\Users\Thomas\AppData\Local\openvr\openvrpaths.vrpath
avr. 12, 2018 17:43:37.92 Unable to read VR Path Registry from C:\Users\Thomas\AppData\Local\openvr\openvrpaths.vrpath
avr. 12, 2018 17:45:09.49 [Child 8872, Chrome_ChildThread] WARNING: pipe error: 109: file z:/build/build/src/ipc/chromium/src/chrome/common/ipc_channel_win.cc, line 346
avr. 12, 2018 17:47:31.03 [Child 8872, Chrome_ChildThread] WAUnable to read VR Path Registry from C:\Users\Thomas\AppData\Local\openvr\openvrpaths.vrpath
avr. 12, 2018 17:47:33.96 [Child 13732, Chrome_ChildThread] WARNING: pipe error: 109: file z:/build/build/src/ipc/chromium/src/chrome/common/ipc_channel_win.cc, line 346
avr. 12, 2018 17:47:33.96 [Child 13732, Chrome_ChildThread] WARNING: pipe error: 109: file z:/build/build/src/ipc/chromium/src/chrome/common/ipc_channel_win.cc, line 346
avr. 12, 2018 17:47:34.48 [Child 9324, Chrome_ChildThread] WARNING: pipe error: 109: file z:/build/build/src/ipc/chromium/src/chrome/common/ipc_channel_win.cc, line 346
avr. 12, 2018 17:48:40.18 [Child 9324, Chrome_ChildThread] WARNING: pipe error: 109: file z:/build/build/src/iUnable to read VR Path Registry from C:\Users\Thomas\AppData\Local\openvr\openvrpaths.vrpath
avr. 12, 2018 17:48:41.75 Unable to read VR Path Registry from C:\Users\Thomas\AppData\Local\openvr\openvrpaths.vrpath
avr. 12, 2018 17:51:18.99 Unable to read VR Path Registry from C:\Users\Thomas\AppData\Local\openvr\openvrpaths.vrpath
avr. 12, 2018 17:51:22.40 Unable to read VR Path Registry from C:\Users\Thomas\AppData\Local\openvr\openvrpaths.vrpath
avr. 12, 2018 17:51:58.16 [Parent 9576, Gecko_IOThread] WARNING: pipe error: 109: file z:/build/build/src/ipc/chromium/src/chrome/common/ipc_channel_win.cc, line 346
avr. 12, 2018 17:51:58.17 [Child 5708, Chrome_ChildThread] WARNING: pipe error: 109: file z:/build/build/src/ipc/chromium/src/chrome/common/ipc_channel_win.cc, line 346
avr. 12, 2018 17:52:43.30 [Child 5708, Chrome_ChildThread] WARNING: pipe error: 109: file z:/build/build/src/ipc/chromium/src/chrome/common/ipc_channel_[Parent 9576, Gecko_IOThread] WARNING: pipe error: 109: file z:/build/build/src/ipc/chromium/src/chrome/common/ipc_channel_win.cc, line 346
avr. 12, 2018 17:52:43.35 [Child 1Unable to read VR Path Registry from C:\Users\Thomas\AppData\Local\openvr\openvrpaths.vrpath
avr. 12, 2018 17:53:41.91 Unable to read VR Path Registry from C:\Users\Thomas\AppData\Local\openvr\openvrpaths.vrpath
avr. 12, 2018 17:58:41.54 [Child 10180, Chrome_ChildThrUnable to read VR Path Registry from C:\Users\Thomas\AppData\Local\openvr\openvrpaths.vrpath
avr. 12, 2018 18:02:14.38 [Child Unable to read VR Path Registry from C:\Users\Thomas\AppData\Local\openvr\openvrpaths.vrpath
avr. 12, 2018 18:02:16.18 Unable to read VR Path Registry from C:\Users\Thomas\AppData\Local\openvr\openvrpaths.vrpath
avr. 12, 2018 18:02:18.09 [Parent 9576, Gecko_IOThread] WARNING: pipe error: 109: file z:/build/build/src/ipc/chromium/src/chrome/common/ipc_channel_win.cc, line 346
avr. 12, 2018 18:03:41.18 Unable to read VR Path Registry from C:\Users\Thomas\AppData\Local\openvr\openvrpaths.vrpath
avr. 12, 2018 18:05:09.50 [Child 32, Chrome_ChildThread] WARNING: pipe error: 109: file z:/build/build/src/ipc/chromium/src/chrome/common/ipc_channel_win.cc, line 346
avr. 12, 2018 18:05:28.63 [Child 32, Chrome_ChildThread] WARNING:Unable to read VR Path Registry from C:\Users\Thomas\AppData\Local\openvr\openvrpaths.vrpath
avr. 12, 2018 18:05:29.21 [Parent 9576, Gecko_IOThread] WARNING: pipe error: 109: file z:/build/build/src/ipc/chromium/src/chrome/common/ipc_channel_win.cc, line 346
avr. 12, 2018 18:05:29.21 [Child 8544, Chrome_ChildThread] WARNING: pipe error: 109: file z:/build/build/src/ipc/chromium/src/chrome/common/ipc_channel_win.cc, line 346
avr. 12, 2018 18:08:41.38 [Child 8544, Chrome_ChildThread] WARNING: pipe error: 109: file z:/build/build/sUnable to read VR Path Registry from C:\Users\Thomas\AppData\Local\openvr\openvrpaths.vrpath
avr. 12, 2018 18:08:56.57 [Parent 9576, Gecko_IOThread] WARNING: pipe error: 109: file z:/build/build/src/ipc/chromium/src/chrome/common/ipc_channel_win.cc, line 346
avr. 12, 2018 18:08:56.59 [Child 6440, Chrome_ChildThread] WARNING: pipe error: 109: file z:/build/build/src/ipc/chromium/src/chrome/common/ipc_channel_win.cc, line 346
avr. 12, 2018 18:08:56.59 [Child 6440, Chrome_ChildThread] WARNING: pipe error: 109: file z:/build/build/src/ipc/chromium/src/chrome/common/ipc_channel_win.cc, line 346
avr. 12, 2018 18:08:56.67 [Child 11804, Chr
avr. 12, 2018 18:08:56.67 ###!!! [Parent][MessageChannel] Error: (msgtype=0x15008D,name=PBrowser::Msg_UpdateNativeWindowHandle) Closed channel: cannot send/recv
avr. 12, 2018 18:08:56.67 
avr. 12, 2018 18:08:56.67 
avr. 12, 2018 18:08:56.67 ###!!! [Parent][MessageChannel] Error: (msgtype=0x150080,name=PBrowser::Msg_Destroy) Closed channel: cannot send/recv
avr. 12, 2018 18:08:56.67 
avr. 12, 2018 18:08:57.37 
avr. 12, 2018 18:08:57.37 ###!!! [Child][MessageChannel::SendAndWait] Error: Channel error: cannot send/recv
avr. 12, 2018 18:08:57.37 

avr. 13, 2018 10:27:18.92 NEW SESSION
avr. 13, 2018 10:27:18.92 Unable to read VR Path Registry from C:\Users\Thomas\AppData\Local\openvr\openvrpaths.vrpath
avr. 13, 2018 10:27:23.46 Unable to read VR Path Registry from C:\Users\Thomas\AppData\Local\openvr\openvrpaths.vrpath
avr. 13, 2018 10:27:28.28 Unable to read VR Path Registry from C:\Users\Thomas\AppData\Local\openvr\openvrpaths.vrpath
avr. 13, 2018 10:27:39.64 Unable to read VR Path Registry from C:\Users\Thomas\AppData\Local\openvr\openvrpaths.vrpath
avr. 13, 2018 10:27:49.94 Unable to read VR Path Registry from C:\Users\Thomas\AppData\Local\openvr\openvrpaths.vrpath
avr. 13, 2018 10:27:56.25 Unable to read VR Path Registry from C:\Users\Thomas\AppData\Local\openvr\openvrpaths.vrpath
avr. 13, 2018 10:33:17.46 [Child 9460, Chrome_ChildThread] WARNING: pipe error: 109: file z:/build/build/src/ipc/chromium/src/chrome/common/ipc_channel_win.cc, line 346
avr. 13, 2018 10:39:50.18 Unable to read VR Path Registry from C:\Users\Thomas\AppData\Local\openvr\openvrpaths.vrpath
avr. 13, 2018 10:44:23.98 Unable to read VR Path Registry from C:\Users\Thomas\AppData\Local\openvr\openvrpaths.vrpath
avr. 13, 2018 10:46:33.50 [GFX1-]: LayerManager::EndTransaction skip RenderLayer().
avr. 13, 2018 10:46:33.54 [GFX1-]: (gfxWindowsPlatform) Detected device reset: 1
avr. 13, 2018 10:46:33.54 [GFX1-]: (gfxWindowsPlatform) scheduled device update.
avr. 13, 2018 10:46:33.62 [GFX1-]: LayerManager::EndTransaction skip RenderLayer().
avr. 13, 2018 10:46:33.62 [GFX1-]: (gfxWindowsPlatform) Detected device reset: 1
avr. 13, 2018 10:46:33.62 [GFX1-]: (gfxWindowsPlatform) scheduled device update.
avr. 13, 2018 10:46:33.64 [GFX1-]: LayerManager::EndTransaction skip RenderLayer().
avr. 13, 2018 10:46:33.64 [GFX1-]: A content-only TDR is detected.
avr. 13, 2018 11:51:55.87 [Parent 13920, Gecko_IOThread] WARNING: pipe error: 109: file z:/build/build/src/ipc/chromium/src/chrome/common/ipc_channel_win.cc, line 346
avr. 13, 2018 11:51:55.89 [Child 11880, Chrome_ChildThread] WARNING: pipe error: 109: file z:/build/build/src/ipc/chromium/src/chrome/common/ipc_channel_win.cc, line 346
avr. 13, 2018 11:51:55.89 [Child 11880, Chrome_ChildThread] WARNING: pipe error: 109: file z:/build/build/src/ipc/chromium/src/chrome/common/ipc_channel_win.cc, line 346
avr. 13, 2018 11:52:54.07 Unable to read VR Path Registry from C:\Users\Thomas\AppData\Local\openvr\openvrpaths.vrpath
avr. 13, 2018 11:52:55.72 Unable to read VR Path Registry from C:\Users\Thomas\AppData\Local\openvr\openvrpaths.vrpath
avr. 13, 2018 12:03:27.32 Unable to read VR Path Registry from C:\Users\Thomas\AppData\Local\openvr\openvrpaths.vrpath
avr. 13, 2018 12:13:52.79 [Child 14492, Chrome_ChildThread] WARNING: pipe error: 109: file z:/build/build/src/ipc/chromium/src/chrome/common/ipc_channel_win.cc, line 346
avr. 13, 2018 12:15:57.69 Unable to read VR Path Registry from C:\Users\Thomas\AppData\Local\openvr\openvrpaths.vrpath
avr. 13, 2018 12:16:01.73 [Child 8064, Chrome_ChildThread] WARNING: pipe error: 109: file z:/build/build/src/ipc/chromium/src/chrome/common/ipc_channel_win.cc, line 346
avr. 13, 2018 12:18:11.41 [Child 8064, Chrome_Ch[Parent 13920, Gecko_IOThread] WARNING: pipe error: 109: file z:/build/build/src/ipc/chromium/src/chrome/common/ipc_channel_win.cc, line 346
avr. 13, 2018 12:19:35.84 Unable to read VR Path Registry from C:\Users\Thomas\AppData\Local\openvr\openvrpaths.vrpath
avr. 13, 2018 12:19:38.57 Unable to read VR Path Registry from C:\Users\Thomas\AppData\Local\openvr\openvrpaths.vrpath
avr. 13, 2018 12:28:31.58 [Child 9748, Chrome_ChildThread] WARNING: pipe error: 109: file z:/build/build/src/ipc/chromium/src/chrome/common/ipc_channel_win.cc, line 346
avr. 13, 2018 12:28:31.60 [Child 9748, Chrome_ChildThread] WARNING: pipe error: 109: file z:/build/build/src/ipc/chromium/src/chrome/common/ipc_channel_win.cc, line 346
avr. 13, 2018 12:28:32.09 [Child 14032, Chrome_ChildThread] WARNING: pipe error: 109: file z:/build/build/src/ipc/chromium/src/chrome/common/ipc_channel_win.cc, line 346
avr. 13, 2018 12:30:22.61 [Child 14032, Chrome_ChildThread] WARNING: Unable to read VR Path Registry from C:\Users\Thomas\AppData\Local\openvr\openvrpaths.vrpath
avr. 13, 2018 12:30:25.73 Unable to read VR Path Registry from C:\Users\Thomas\AppData\Local\openvr\openvrpaths.vrpath
avr. 13, 2018 12:55:06.94 [Child 14028, Chrome_ChildThread] WARNING: pipe error: 109: file z:/build/build/src/ipc/chromium/src/chrome/common/ipc_channel_win.cc, line 346
avr. 13, 2018 12:55:06.95 [Child 14028, Chrome_ChildThread] WARNING: pipe error: 109: file z:/build/build/src/ipc/chromium/src/chrome/common/ipc_channel_win.cc, line 346
avr. 13, 2018 12:55:16.12 [Child 8688, Chrome_ChildThread] WARNING: pipe error: 109: file z:/build/build/src/ipc/chromium/src/chrome/common/ipc_channel_win.[Parent 13920, Gecko_IOThread] WARNING: pipe error: 109: file z:/build/build/src/ipc/chromium/src/chrome/common/ipc_channel_win.cc, line 346
avr. 13, 2018 12:55:16.16 [Child 13528, Chrome_ChildThread] WARNING: pipe error: 109: file z:/build/build/src/ipc/chromium/src/chrome/common/ipc_channel_win.cc, line 346
avr. 13, 2018 12:55:17.65 [Child 13528, Chrome_ChildThread] WARNING: pipe[Parent 13920, Gecko_IOThread] WARNING: pipe error: 109: file z:/build/build/src/ipc/chromium/src/chrome/common/ipc_channel_win.cc, line 346
avr. 13, 2018 12:55:17.65 [Parent 13920, Gecko_IOThread] WARNING: pipe error: 109: file z:/build/build/src/ipc/chromium/src/chrome/common/ipc_channel_win.cc, line 346
avr. 13, 2018 12:55:17.77 [Child 13440, Chrome_ChildThread] WARNING: pipe error: 109: file z:/build/build/src/ipc/chromium/src/chrome/common/ipc_channel_win.cc, line 346
avr. 13, 2018 12:55:22.76 [Child 3716, Chrome_Ch
avr. 13, 2018 12:57:39.22 Unable to read VR Path Registry from C:\Users\Thomas\AppData\Local\openvr\openvrpaths.vrpath
avr. 13, 2018 12:57:39.80 Unable to read VR Path Registry from C:\Users\Thomas\AppData\Local\openvr\openvrpaths.vrpath
avr. 13, 2018 12:57:40.58 Unable to read VR Path Registry from C:\Users\Thomas\AppData\Local\openvr\openvrpaths.vrpath
avr. 13, 2018 12:57:40.71 Unable to read VR Path Registry from C:\Users\Thomas\AppData\Local\openvr\openvrpaths.vrpath
avr. 13, 2018 12:57:41.64 Unable to read VR Path Registry from C:\Users\Thomas\AppData\Local\openvr\openvrpaths.vrpath
avr. 13, 2018 12:57:44.98 Unable to read VR Path Registry from C:\Users\Thomas\AppData\Local\openvr\openvrpaths.vrpath
avr. 13, 2018 13:00:49.19 [Child 5936, Chrome_ChildThread] Unable to read VR Path Registry from C:\Users\Thomas\AppData\Local\openvr\openvrpaths.vrpath
avr. 13, 2018 13:02:20.18 Unable to read VR Path Registry from C:\Users\Thomas\AppData\Local\openvr\openvrpaths.vrpath
avr. 13, 2018 13:04:33.79 [Child 4016, Chrome_ChildThread] WARNING: pipe error: 109: file z:/build/build/src/ipc/chromium/src/chrome/common/ipc_channel_win.cc, line 346
avr. 13, 2018 13:04:47.55 [Child 4016, Chrome_ChildThread][Child 13048, Chrome_Unable to read VR Path Registry from C:\Users\Thomas\AppData\Local\openvr\openvrpaths.vrpath
avr. 13, 2018 13:05:46.19 Unable to read VR Path Registry from C:\Users\Thomas\AppData\Local\openvr\openvrpaths.vrpath
avr. 13, 2018 13:05:51.54 [Child 10124, Chrome_ChildThread] WARNING: pipe error: 109: file z:/build/build/src/ipc/chromium/src/chrome/common/ipc_channel_win.cc, line 346
avr. 13, 2018 13:05:52.54 [Child 10124, Chrome_Child[Parent 9476, Gecko_IOThread] WARNING: pipe error: 109: file z:/build/build/src/ipc/chromium/src/chrome/common/ipc_channel_win.cc, line 346
avr. 13, 2018 13:05:52.54 [Child 3052, Chrome_ChildThread] WARNING: pipe error: 109: file z:/build/build/src/ipc/chromium/src/chrome/common/ipc_channel_win.cc, line 346
avr. 13, 2018 13:05:54.10 [Child 3052, Chrome_Ch[Child 4896, Chrome_ChildThread] WARNING: pipe error: 109: file z:/build/build/src/ipc/chromium/src/chrome/common/ipc_channel_win.cc, line 346
avr. 13, 2018 13:05:54.19 [Parent 9476, Gecko_IOThread] WARNING: pipe error: 109: file z:/build/build/src/ipc/chromium/src/chrome/common/ipc_channel_win.cc, line 346
avr. 13, 2018 13:05:54.19 [Child 1268, Chrome_ChildThread] WARNING: pipe error: 109: file z:/build/build/src/ipc/chromium/src/chrome/common/ipc_channel_win.cc, line 346
avr. 13, 2018 13:05:54.72 [Child 1268, Chrome_ChildThread] WARNING: pipe error: 109: file z:/build/build/src/ipc/chromium/s
avr. 13, 2018 13:05:54.73 ###!!! [Child][MessageChannel::SendAndWait] Error: Channel error: cannot send/recv
avr. 13, 2018 13:05:54.73 
avr. 13, 2018 13:06:19.72 Unable to read VR Path Registry from C:\Users\Thomas\AppData\Local\openvr\openvrpaths.vrpath
avr. 13, 2018 13:06:20.01 Unable to read VR Path Registry from C:\Users\Thomas\AppData\Local\openvr\openvrpaths.vrpath
avr. 13, 2018 13:06:21.43 Unable to read VR Path Registry from C:\Users\Thomas\AppData\Local\openvr\openvrpaths.vrpath
avr. 13, 2018 13:06:21.47 Unable to read VR Path Registry from C:\Users\Thomas\AppData\Local\openvr\openvrpaths.vrpath
avr. 13, 2018 13:06:22.44 Unable to read VR Path Registry from C:\Users\Thomas\AppData\Local\openvr\openvrpaths.vrpath
avr. 13, 2018 13:06:23.72 Unable to read VR Path Registry from C:\Users\Thomas\AppData\Local\openvr\openvrpaths.vrpath
avr. 13, 2018 13:06:43.01 [Child 3168, Chrome_ChildThread] WARNING: pipe error: 109: file z:/build/build/src/ipc/chromium/src/chrome/common/ipc_channel_win.cc, line 346
avr. 13, 2018 13:06:43.15 [Child 15300, Chrome_ChildThread] WARNING: pi
avr. 13, 2018 13:06:43.15 ###!!! [Parent][MessageChannel] Error: (msgtype=0x15008D,name=PBrowser::Msg_UpdateNativeWindowHandle) Closed channel: cannot send/recv
avr. 13, 2018 13:06:43.15 
avr. 13, 2018 13:06:43.15 
avr. 13, 2018 13:06:43.15 ###!!! [Parent][MessageChannel] Error: (msgtype=0x150080,name=PBrowser::Msg_Destroy) Closed channel: cannot send/recv
avr. 13, 2018 13:06:43.16 
avr. 13, 2018 13:06:43.62 
avr. 13, 2018 13:06:43.62 ###!!! [Child][MessageChannel::SendAndWait] Error: Channel error: cannot send/recv
avr. 13, 2018 13:06:43.62 
avr. 13, 2018 13:07:29.38 Unable to read VR Path Registry from C:\Users\Thomas\AppData\Local\openvr\openvrpaths.vrpath
avr. 13, 2018 13:07:29.72 Unable to read VR Path Registry from C:\Users\Thomas\AppData\Local\openvr\openvrpaths.vrpath
avr. 13, 2018 13:07:30.32 Unable to read VR Path Registry from C:\Users\Thomas\AppData\Local\openvr\openvrpaths.vrpath
avr. 13, 2018 13:07:30.55 Unable to read VR Path Registry from C:\Users\Thomas\AppData\Local\openvr\openvrpaths.vrpath
avr. 13, 2018 13:07:32.08 [Child 2232, Chrome_ChiUnable to read VR Path Registry from C:\Users\Thomas\AppData\Local\openvr\openvrpaths.vrpath
avr. 13, 2018 13:07:32.25 
avr. 13, 2018 13:07:32.25 ###!!! [Parent][DispatchAsyncMessage] Error: PClientManager::Msg_PClientSourceConstructor Route error: message sent to unknown actor ID
avr. 13, 2018 13:07:32.25 
avr. 13, 2018 13:07:32.27 
avr. 13, 2018 13:07:32.27 ###!!! [Parent][DispatchAsyncMessage] Error: PClientManager::Msg_PClientSourceConstructor Route error: message sent to unknown actor ID
avr. 13, 2018 13:07:32.27 
avr. 13, 2018 13:07:32.28 
avr. 13, 2018 13:07:32.28 ###!!! [Parent][MessageChannel] Error: (msgtype=0x15008D,name=PBrowser::Msg_UpdateNativeWindowHandle) Closed channel: cannot send/recv
avr. 13, 2018 13:07:32.28 
avr. 13, 2018 13:07:32.28 
avr. 13, 2018 13:07:32.30 ###!!! [Parent][MessageChannel] Error: (msgtype=0x150080,name=PBrowser::Msg_Destroy) Closed channel: cannot send/recv
avr. 13, 2018 13:07:32.30 
avr. 13, 2018 13:07:32.30 
avr. 13, 2018 13:07:32.30 ###!!! [Child][MessageChannel] Error: (msgtype=0x47001D,name=PHttpChannel::Msg_SetPriority) Closed channel: cannot send/recv
avr. 13, 2018 13:07:32.30 
avr. 13, 2018 13:07:32.30 
avr. 13, 2018 13:07:32.30 ###!!! [Child][MessageChannel] Error: (msgtype=0x150001,name=PBrowser::Msg_AsyncMessage) Closed channel: cannot send/recv
avr. 13, 2018 13:07:32.30 
avr. 13, 2018 13:07:32.30 
avr. 13, 2018 13:07:32.31 ###!!! [Child][MessageChannel] Error: (msgtype=0x470006,name=PHttpChannel::Msg_Cancel) Closed channel: cannot send/recv
avr. 13, 2018 13:07:32.31 
avr. 13, 2018 13:07:32.36 
avr. 13, 2018 13:07:32.36 ###!!! [Child][MessageChannel::SendAndWait] Error: Channel error: cannot send/recv
avr. 13, 2018 13:07:32.36 

avr. 20, 2018 10:35:35.00 NEW SESSION
avr. 20, 2018 10:35:35.00 Unable to read VR Path Registry from C:\Users\Thomas\AppData\Local\openvr\openvrpaths.vrpath
avr. 20, 2018 10:35:40.09 Unable to read VR Path Registry from C:\Users\Thomas\AppData\Local\openvr\openvrpaths.vrpath
avr. 20, 2018 10:35:47.60 Unable to read VR PaUnable to read VR Path Registry from C:\Users\Thomas\AppData\Locth Regial\openvr\openvrpaths.vrpath
avr. 20, 2018 10:35:47.60 stry from C:\Users\Thomas\AppData\Local\openvr\openvrpaths.vrpath
avr. 20, 2018 10:35:57.22 Unable to read VR Path Registry from C:\Users\Thomas\AppData\Local\openvr\openvrpaths.vrpath
avr. 20, 2018 10:36:11.32 Unable to read VR Path Registry from C:\Users\Thomas\AppData\Local\openvr\openvrpaths.vrpath
avr. 20, 2018 10:37:36.75 [Parent 8336, Gecko_IOThread] WARNING: pipe error: 109: file z:/build/build/src/ipc/chromium/src/chrome/common/ipc_channel_win.cc, line 346
avr. 20, 2018 10:37:36.78 [Child 7512, Chrome_ChildThread] WARNING: pipe error: 109: file z:/build/build/src/ipc/chromium/src/chrome/common/ipc_channel_win.cc, line 346
avr. 20, 2018 10:38:53.68 Unable to read VR Path Registry from C:\Users\Thomas\AppData\Local\openvr\openvrpaths.vrpath
avr. 20, 2018 10:40:26.24 Unable to read VR Path Registry from C:\Users\Thomas\AppData\Local\openvr\openvrpaths.vrpath
avr. 20, 2018 10:40:26.39 [Child 1052, Chrome_ChildThread] WARNING: pipe error: 109: file z:/build/build/src/ipc/chromium/src/chrome/common/ipc_channel_win.cc, line 346
avr. 20, 2018 10:43:24.89 [Child 1052, Chrome_ChildThread] WARNING: Unable to read VR Path Registry from C:\Users\Thomas\AppData\Local\openvr\openvrpaths.vrpath
avr. 20, 2018 10:43:33.51 [Child 6300[Child 8200, Chrome_ChildThread] WARNING: pipe error: 109: file z:/build/build/src/ipc/chromium/src/chrome/common/ipc_channel_win.cc, line 346
avr. 20, 2018 10:43:33.54 [Child 8200, Chrome_ChildThread] WARNING: pipe er[Parent 8336, Gecko_IOThread] WARNING: pipe error: 109: file z:/build/build/src/ipc/chromium/src/chrome/common/ipc_channel_win.cc, line 346
avr. 20, 2018 10:43:34.31 
avr. 20, 2018 10:43:34.31 ###!!! [Child][MessageChannel::SendAndWait] Error: Channel error: cannot send/recv
avr. 20, 2018 10:43:34.31 
avr. 20, 2018 10:43:38.28 Unable to read VR Path Registry from C:\Users\Thomas\AppData\Local\openvr\openvrpaths.vrpath
avr. 20, 2018 10:43:38.65 Unable to read VR Path Registry from C:\Users\Thomas\AppData\Local\openvr\openvrpaths.vrpath
avr. 20, 2018 10:43:39.29 Unable to read VR Path Registry from C:\Users\Thomas\AppData\Local\openvr\openvrpaths.vrpath
avr. 20, 2018 10:43:39.54 Unable to read VR Path Registry from C:\Users\Thomas\AppData\Local\openvr\openvrpaths.vrpath
avr. 20, 2018 10:43:40.57 Unable to read VR Path Registry from C:\Users\Thomas\AppData\Local\openvr\openvrpaths.vrpath
avr. 20, 2018 10:43:42.56 Unable to read VR Path Registry from C:\Users\Thomas\AppData\Local\openvr\openvrpaths.vrpath
avr. 20, 2018 10:45:08.70 Unable to read VR Path Registry from C:\Users\Thomas\AppData\Local\openvr\openvrpaths.vrpath
avr. 20, 2018 10:46:04.73 [ChildUnable to read VR Path Registry from C:\Users\Thomas\AppData\Local\openvr\openvrpaths.vrpath
avr. 20, 2018 10:47:33.39 Unable to read VR Path Registry from C:\Users\Thomas\AppData\Local\openvr\openvrpaths.vrpath
avr. 20, 2018 10:50:36.43 [Parent 9116, Gecko_IOThread] WARNING: pipe error: 109: file z:/build/build/src/ipc/chromium/src/chrome/common/ipc_channel_win.cc, line 346
avr. 20, 2018 10:50:36.43 [Child 4764, Chrome_ChildThread] WARNING: pipe error: 109: file z:/build/build/src/ipc/chromium/src/chrome/common/ipc_channel_win.cc, line 346
avr. 20, 2018 10:50:47.82 [Child 4764, Chrome_ChildThr[Child 3468, Chrome_ChildThread] WARNING: pipe error: 109: file z:/build/build/src/ipc/chromium/src/chrome/common/ipc_channel_win.cc, line 346
avr. 20, 2018 10:50:47.82 [Child 3468, Chrome_ChildThread] WARNING: pipe error: 109: file z:/build/build/src/ipc/chromium/src/ch[Child 7728, Chrome_ChildThread] WARNING: pipe error: 109: file z:/build/build/src/ipc/chromium/src/chrome/common/ipc_channel_win.cc, line 346
avr. 20, 2018 10:50:47.86 [Child 7728, Chrome_ChildThread] WARNIN[Parent 9116, Gecko_IOThread] WARNING: pipe error: 109: file z:/build/build/src/ipc/chromium/src/chrome/common/ipc_channel_win.cc, line 346
avr. 20, 2018 10:50:48.37 
avr. 20, 2018 10:50:48.37 ###!!! [Child][MessageChannel::SendAndWait] Error: Channel error: cannot send/recv
avr. 20, 2018 10:50:48.37 
avr. 20, 2018 10:50:50.39 Unable to read VR Path Registry from C:\Users\Thomas\AppData\Local\openvr\openvrpaths.vrpath
avr. 20, 2018 10:50:50.67 Unable to read VR Path Registry from C:\Users\Thomas\AppData\Local\openvr\openvrpaths.vrpath
avr. 20, 2018 10:50:51.28 Unable to read VR Path Registry from C:\Users\Thomas\AppData\Local\openvr\openvrpaths.vrpath
avr. 20, 2018 10:50:51.56 Unable to read VR Path Registry from C:\Users\Thomas\AppData\Local\openvr\openvrpaths.vrpath
avr. 20, 2018 10:50:52.92 Unable to read VR Path Registry from C:\Users\Thomas\AppData\Local\openvr\openvrpaths.vrpath
avr. 20, 2018 10:50:54.70 Unable to read VR Path Registry from C:\Users\Thomas\AppData\Local\openvr\openvrpaths.vrpath
avr. 20, 2018 10:59:06.50 [Child 8688, Chrome_CUnable to read VR Path Registry from C:\Users\Thomas\AppData\Local\openvr\openvrpaths.vrpath
avr. 20, 2018 10:59:11.07 [Parent 5516, Gecko_IOThread] WARNING: pipe error: 109: file z:/build/build/src/ipc/chromium/src/chrome/common/ipc_channel_win.cc, line 346
avr. 20, 2018 10:59:11.07 [Child 12312, Chrome_ChildThread] WARNING: pipe error: 109: file z:/build/build/src/ipc/chromium/src/chrome/common/ipc_channel_win.cc, line 346
avr. 20, 2018 10:59:11.07 [Child 12312, Chrome_ChildThread] WARNING: pipe error: 109: file z:/build/build/src/ipc/chromium/src/chrome/common/ipc_channel_win.cc, line 346
avr. 20, 2018 11:00:06.97 Unable to read VR Path Registry from C:\Users\Thomas\AppData\Local\openvr\openvrpaths.vrpath
avr. 20, 2018 11:00:26.05 [Parent 5516, Gecko_IOThread] WARNING: pipe error: 109: file z:/build/build/src/ipc/chromium/src/chrome/common/ipc_channel_win.cc, line 346
avr. 20, 2018 11:02:49.74 [Child 9736, ChroUnable to read VR Path Registry from C:\Users\Thomas\AppData\Local\openvr\openvrpaths.vrpath
avr. 20, 2018 11:05:37.84 Unable to read VR Path Registry from C:\Users\Thomas\AppData\Local\openvr\openvrpaths.vrpath
avr. 20, 2018 11:05:39.70 [Child 9532, Chrome_ChildThread] WARNING: pipe error: 109: file z:/build/build/src/ipc/chromium/src/chrome/common/ipc_channel_win.cc, line 346
avr. 20, 2018 11:06:07.91 [Child 9532, Chrome_ChildThread] WARNINUnable to read VR Path Registry from C:\Users\Thomas\AppData\Local\openvr\openvrpaths.vrpath
avr. 20, 2018 11:07:44.37 [Parent 5516, Gecko_IOThread] WARNING: pipe error: 109: file z:/build/build/src/ipc/chromium/src/chrome/common/ipc_channel_win.cc, line 346
avr. 20, 2018 11:07:44.37 [Child 6456, Chrome_ChildThread] WARNING: pipe error: 109: file z:/build/build/src/ipc/chromium/src/chrome/common/ipc_channel_win.cc, line 346
avr. 20, 2018 11:07:58.95 [Child 6456, Chrome_ChildThread] WARNING: pipe erUnable to read VR Path Registry from C:\Users\Thomas\AppData\Local\openvr\openvrpaths.vrpath
avr. 20, 2018 11:22:22.01 [Parent 5516, Gecko_IOThread] WARNING: pipe error: 109: file z:/build/build/src/ipc/chromium/src/chrome/common/ipc_channel_win.cc, line 346
avr. 20, 2018 11:22:23.71 [Parent 5516, Gecko_IOThread] WARNING: pipe error: 109: file z:/build/build/src/ipc/chromium/src/chrome/common/ipc_channel_win.cc, line 346
avr. 20, 2018 11:22:23.71 [Child 12416, Chrome_ChildThread] WARNING: pipe error: 109: file z:/build/build/src/ipc/chromium/src/chrome/common/ipc_channel_win.cc, line 346
avr. 20, 2018 11:26:42.44 [Child 12416, Chrome_ChildThread] WARNING: pipe error: 109: file z:/build/build/src/ipc/chromiuUnable to read VR Path Registry from C:\Users\Thomas\AppData\Local\openvr\openvrpaths.vrpath
avr. 20, 2018 11:26:44.08 Unable to read VR Path Registry from C:\Users\Thomas\AppData\Local\openvr\openvrpaths.vrpath
avr. 20, 2018 11:26:44.88 [Child 6028, Chrome_ChildThread] WARNING: pipe error: 109: file z:/build/build/src/ipc/chromium/src/chrome/common/ipc_channel_win.cc, line 346
avr. 20, 2018 11:30:13.73 [Child 6028, Chrome_ChildThread] WARNING: pipe error: 109: Unable to read VR Path Registry from C:\Users\Thomas\AppData\Local\openvr\openvrpaths.vrpath
avr. 20, 2018 11:30:14.65 [Parent 5516, Gecko_IOThread] WARNING: pipe error: 109: file z:/build/build/src/ipc/chromium/src/chrome/common/ipc_channel_win.cc, line 346
avr. 20, 2018 11:30:14.65 [Child 10092, Chrome_ChildThread] WARNING: pipe error: 109: file z:/build/build/src/ipc/chromium/src/chrome/common/ipc_channel_win.cc, line 346
avr. 20, 2018 11:32:18.79 [Child 10092, Chrome_ChildThread] WARNING: pipeUnable to read VR Path Registry from C:\Users\Thomas\AppData\Local\openvr\openvrpaths.vrpath

avr. 20, 2018 12:15:40.54 NEW SESSION
avr. 20, 2018 12:15:40.54 Unable to read VR Path Registry from C:\Users\Thomas\AppData\Local\openvr\openvrpaths.vrpath
avr. 20, 2018 12:15:41.00 Unable to read VR Path Registry from C:\Users\Thomas\AppData\Local\openvr\openvrpaths.vrpath
avr. 20, 2018 12:15:41.75 Unable to read VR Path Registry from C:\Users\Thomas\AppData\Local\openvr\openvrpaths.vrpath
avr. 20, 2018 12:15:42.07 Unable to read VR Path Registry from C:\Users\Thomas\AppData\Local\openvr\openvrpaths.vrpath
avr. 20, 2018 12:15:44.02 Unable to read VR Path Registry from C:\Users\Thomas\AppData\Local\openvr\openvrpaths.vrpath
avr. 20, 2018 12:15:44.96 Unable to read VR Path Registry from C:\Users\Thomas\AppData\Local\openvr\openvrpaths.vrpath
avr. 20, 2018 12:16:08.70 Unable to read VR Path Registry from C:\Users\Thomas\AppData\Local\openvr\openvrpaths.vrpath
avr. 20, 2018 12:17:13.68 [Child 9620, Chrome_ChildThread] WARNING: pipe error: 109: file z:/build/build/src/ipc/chromium/src/chrome/common/ipc_channel_win.cc, line 346

avr. 20, 2018 12:22:08.38 NEW SESSION
avr. 20, 2018 12:22:08.38 Unable to read VR Path Registry from C:\Users\Thomas\AppData\Local\openvr\openvrpaths.vrpath
avr. 20, 2018 12:22:08.70 Unable to read VR Path Registry from C:\Users\Thomas\AppData\Local\openvr\openvrpaths.vrpath
avr. 20, 2018 12:22:09.30 Unable to read VR Path Registry from C:\Users\Thomas\AppData\Local\openvr\openvrpaths.vrpath
avr. 20, 2018 12:22:09.52 Unable to read VR Path Registry from C:\Users\Thomas\AppData\Local\openvr\openvrpaths.vrpath
avr. 20, 2018 12:22:10.45 Unable to read VR Path Registry from C:\Users\Thomas\AppData\Local\openvr\openvrpaths.vrpath
avr. 20, 2018 12:22:12.15 Unable to read VR Path Registry from C:\Users\Thomas\AppData\Local\openvr\openvrpaths.vrpath

avr. 25, 2018 13:45:34.04 NEW SESSION
avr. 25, 2018 13:45:34.04 Unable to read VR Path Registry from C:\Users\Thomas\AppData\Local\openvr\openvrpaths.vrpath
avr. 25, 2018 13:45:38.25 Unable to read VR Path Registry from C:\Users\Thomas\AppData\Local\openvr\openvrpaths.vrpath
avr. 25, 2018 13:45:45.14 Unable to read VR Path Registry from C:\Users\Thomas\AppData\Local\openvr\openvrpaths.vrpath
avr. 25, 2018 13:45:47.00 Unable to read VR Path Registry from C:\Users\Thomas\AppData\Local\openvr\openvrpaths.vrpath
avr. 25, 2018 13:45:56.90 Unable to read VR Path Registry from C:\Users\Thomas\AppData\Local\openvr\openvrpaths.vrpath
avr. 25, 2018 13:46:23.65 Unable to read VR Path Registry from C:\Users\Thomas\AppData\Local\openvr\openvrpaths.vrpath
avr. 25, 2018 13:47:38.12 [Parent 8916, Gecko_IOThread] WARNING: pipe error: 109: file z:/build/build/src/ipc/chromium/src/chrome/common/ipc_channel_win.cc, line 346
avr. 25, 2018 14:00:07.75 Unable to read VR Path Registry from C:\Users\Thomas\AppData\Local\openvr\openvrpaths.vrpath
avr. 25, 2018 14:00:11.86 [Child 7488, Chrome_ChildThread] WARNING: pipe error: 109: file z:/build/build/src/ipc/chromium/src/chrome/common/ipc_channel_win.cc, line 346
avr. 25, 2018 14:00:12.00 [Child 7488, Chrome_ChildThread] WARNING: pipe error: 109: file z:/build/build/src/ipc/chromium/src/chrome/common/ipc_channel_win.cc, line 346
avr. 25, 2018 14:01:01.05 Unable to read VR Path Registry from C:\Users\Thomas\AppData\Local\openvr\openvrpaths.vrpath
avr. 25, 2018 14:02:04.74 [Parent 8916, Gecko_IOThread] WARNING: pipe error: 109: file z:/build/build/src/ipc/chromium/src/chrome/common/ipc_channel_win.cc, line 346
avr. 25, 2018 14:02:04.74 [Child 8924, Chrome_ChildThread] WARNING: pipe error: 109: file z:/build/build/src/ipc/chromium/src/chrome/common/ipc_channel_win.cc, line 346
avr. 25, 2018 14:04:08.13 [Child 8924, Chrome_ChildThread] WARNING: pipe error: 109Unable to read VR Path Registry from C:\Users\Thomas\AppData\Local\openvr\openvrpaths.vrpath
avr. 25, 2018 14:09:38.88 Unable to read VR Path Registry from C:\Users\Thomas\AppData\Local\openvr\openvrpaths.vrpath
avr. 25, 2018 14:12:03.41 [Parent 8916, Gecko_IOThread] WARNING: pipe error: 109: file z:/build/build/src/ipc/chromium/src/chrome/common/ipc_channel_win.cc, line 346
avr. 25, 2018 14:12:03.43 [Child 14948, Chrome_ChildThread] WARNING: pipe error: 109: file z:/build/build/src/ipc/chromium/src/chrome/common/ipc_channel_win.cc, line 346
avr. 25, 2018 14:22:06.77 [Parent 8916, Gecko_IOThread] WARNING: pipe error: 109: file z:/build/build/src/ipc/chromium/src/chrome/common/ipc_channel_win.cc, line 346
avr. 25, 2018 14:22:06.80 [Child 14468, Chrome_ChildThread] WARNING: pipe error: 109: file z:/build/build/src/ipc/chromium/src/chrome/common/ipc_channel_win.cc, line 346
avr. 25, 2018 15:29:37.95 Unable to read VR Path Registry from C:\Users\Thomas\AppData\Local\openvr\openvrpaths.vrpath
avr. 25, 2018 15:29:48.38 Unable to read VR Path Registry from C:\Users\Thomas\AppData\Local\openvr\openvrpaths.vrpath
avr. 25, 2018 15:32:04.60 [Parent 8916, Gecko_IOThread] WARNING: pipe error: 109: file z:/build/build/src/ipc/chromium/src/chrome/common/ipc_channel_win.cc, line 346
avr. 25, 2018 15:32:04.61 [Child 15660, Chrome_ChildThread] WARNING: pipe error: 109: file z:/build/build/src/ipc/chromium/src/chrome/common/ipc_channel_win.cc, line 346
avr. 25, 2018 15:34:25.36 Unable to read VR Path Registry from C:\Users\Thomas\AppData\Local\openvr\openvrpaths.vrpath
avr. 25, 2018 15:34:36.27 [Child 1218[Parent 8916, Gecko_IOThread] WARNING: pipe error: 109: file z:/build/build/src/ipc/chromium/src/chrome/common/ipc_channel_win.cc, line 346
avr. 25, 2018 15:34:36.28 [Child 13816, Chrome_ChildThread] WARNING: pipe error: 109: file z:/build/build/src/ipc/chromium/src/chrome/common/ipc_channel_win.cc, line 346
avr. 25, 2018 15:38:25.50 [Child 13816, Chrome_ChildThread] WARNING: pipe error: 109: fileUnable to read VR Path Registry from C:\Users\Thomas\AppData\Local\openvr\openvrpaths.vrpath
avr. 25, 2018 15:38:27.87 Unable to read VR Path Registry from C:\Users\Thomas\AppData\Local\openvr\openvrpaths.vrpath
avr. 25, 2018 15:52:48.66 [Parent 8916, Gecko_IOThread] WARNING: pipe error: 109: file z:/build/build/src/ipc/chromium/src/chrome/common/ipc_channel_win.cc, line 346
avr. 25, 2018 15:52:48.76 [Child 8728, Chrome_ChildThread] WARNING: pipe error: 109: file z:/build/build/src/ipc/chromium/src/chrome/common/ipc_channel_win.cc, line 346
avr. 25, 2018 15:52:48.78 [Child 8728, Chrome_ChildThread] WARNING: pipe error: 109: file z:/build/build/src/ipc/chromium/src/chrome/common/ipc_channel_win.cc, line 346
avr. 25, 2018 15:52:49.12 [Parent 8916, Gecko_IOThread] WARNING: pipe error: 109: file z:/build/build/src/ipc/chromium/src/chrome/common/ipc_channel_win.cc, line 346
avr. 25, 2018 15:58:38.77 [Child 12Unable to read VR Path Registry from C:\Users\Thomas\AppData\Local\openvr\openvrpaths.vrpath
avr. 25, 2018 15:58:41.54 Unable to read VR Path Registry from C:\Users\Thomas\AppData\Local\openvr\openvrpaths.vrpath
avr. 25, 2018 16:01:06.87 [Child 11260, Chrome_ChildThread] WARNING: pipe error: 109: file z:/build/build/src/ipc/chromium/src/chrome/common/ipc_channel_win.cc, line 346
avr. 25, 2018 16:01:06.88 [Child 11260, Chrome_ChildThread] WARNING: pipe error: 109: file z:/build/build/src/ipc/chromium/src/chrome/common/ipc_channel_win.cc, line 346
avr. 25, 2018 16:01:07.26 [Child 14448, Chrome_ChildThread] WARNING: pipe error: 109: file z:/build/build/src/ipc/chromium/src/chrome/common/ipc_channel_win.cc, line 346
avr. 25, 2018 16:01:07.26 [Child 14448, Chrome_ChildThread] WARNING: pipe error: 109: file z:/build/build/src/ipc/chromium/src/chrome/common/ipc_channel_win.cc, line 346
avr. 25, 2018 16:04:16.58 Unable to read VR Path Registry from C:\Users\Thomas\AppData\Local\openvr\openvrpaths.vrpath
avr. 25, 2018 16:04:18.71 Unable to read VR Path Registry from C:\Users\Thomas\AppData\Local\openvr\openvrpaths.vrpath
avr. 25, 2018 16:20:29.67 [Child 13852, Chrome_ChildThread] WARNI[Child 5728, ChromeUnable to read VR Path Registry from C:\Users\Thomas\AppData\Local\openvr\openvrpaths.vrpath
avr. 25, 2018 16:20:29.83 [Parent 8916, Gecko_IOThread] WARNING: pipe error: 109: file z:/build/build/src/ipc/chromium/src/chrome/common/ipc_channel_win.cc, line 346
avr. 25, 2018 16:20:29.87 [Child 13208, Chrome_ChildThread] WARNING: pipe error: 109: file z:/build/build/src/ipc/chromium/src/chrome/common/ipc_channel_win.cc, line 346
avr. 25, 2018 16:20:29.87 [Child 13208, Chrome_ChildThread] WARNING: pipe error: 109: file z:/build/build/src/ipc/chromium/src/chrome/common/ipc_channel_win.cc, line 346
avr. 25, 2018 16:20:33.90 Unable to read VR Path Registry from C:\Users\Thomas\AppData\Local\openvr\openvrpaths.vrpath
avr. 25, 2018 16:22:24.48 Unable to read VR Path Registry from C:\Users\Thomas\AppData\Local\openvr\openvrpaths.vrpath
avr. 25, 2018 16:23:47.26 [Child 4560, Chrome_ChildThread] WARNING: pipe error: 109: file z:/build/build/src/ipc/chromium/src/chrome/common/ipc_channel_win.cc, line 346
avr. 25, 2018 16:24:33.24 [Child 4560, Chrome_ChildThread] WARNING: pipe erroUnable to read VR Path Registry from C:\Users\Thomas\AppData\Local\openvr\openvrpaths.vrpath
avr. 25, 2018 16:24:35.63 Unable to read VR Path Registry from C:\Users\Thomas\AppData\Local\openvr\openvrpaths.vrpath
avr. 25, 2018 16:25:19.23 [Parent 8916, Gecko_IOThread] WARNING: pipe error: 109: file z:/build/build/src/ipc/chromium/src/chrome/common/ipc_channel_win.cc, line 346
avr. 25, 2018 16:25:19.23 [Child 13052, Chrome_ChildThread] WARNING: pipe error: 109: file z:/build/build/src/ipc/chromium/src/chrome/common/ipc_channel_win.cc, line 346
avr. 25, 2018 16:25:19.67 [Child 13052, Chrome_ChildThread] WARNING: pipe error: 109: file z:/build/build/src/ipc/chromium/src/chrome/common/ipc_channel_win.c[Parent 8916, Gecko_IOThread] WARNING: pipe error: 109: file z:/build/build/src/ipc/chromium/src/chrome/common/ipc_channel_win.cc, line 346
avr. 25, 2018 16:25:19.68 [Child 4028, Chrome_ChildThread] WARNING: pipe error: 109: file z:/build/build/src/ipc/chromium/src/chrome/common/ipc_channel_win.cc, line 346
avr. 25, 2018 16:27:17.73 [Child 4028, Chrome_ChildThread] WARNING: pip[Parent 8916, Gecko_IOThread] WARNING: pipe error: 109: file z:/build/build/src/ipc/chromium/src/chrome/common/ipc_channel_win.cc, line 346
avr. 25, 2018 16:27:18.60 [Child 15584, Chrome_ChildThread] WARNING: pipe error: 109: file z:/build/build/src/ipc/chromium/src/chrome/common/ipc_channel_win.cc, line 346
avr. 25, 2018 16:28:24.81 [Parent 8916, Gecko_IOThread] WARNING: pipe error: 232: file z:/build/build/src/ipc/chromium/src/chrome/common/ipc_channel_win.cc, line 513

avr. 26, 2018 22:19:13.35 NEW SESSION
avr. 26, 2018 22:19:13.35 Unable to read VR Path Registry from C:\Users\Thomas\AppData\Local\openvr\openvrpaths.vrpath
avr. 26, 2018 22:19:17.31 Unable to read VR Path Registry from C:\Users\Thomas\AppData\Local\openvr\openvrpaths.vrpath
avr. 26, 2018 22:19:23.31 Unable to read VR Path Registry from C:\Users\Thomas\AppData\Local\openvr\openvrpaths.vrpath
avr. 26, 2018 22:19:26.71 Unable to read VR Path Registry from C:\Users\Thomas\AppData\Local\openvr\openvrpaths.vrpath
avr. 26, 2018 22:19:35.33 Unable to read VR Path Registry from C:\Users\Thomas\AppData\Local\openvr\openvrpaths.vrpath
avr. 26, 2018 22:19:54.18 Unable to read VR Path Registry from C:\Users\Thomas\AppData\Local\openvr\openvrpaths.vrpath
avr. 26, 2018 22:21:05.48 [Child 9076, Chrome_ChildThread] WARNING: pipe error: 109: file z:/build/build/src/ipc/chromium/src/chrome/common/ipc_channel_win.cc, line 346
avr. 26, 2018 22:21:05.53 [Parent 13884, Gecko_IOThread] WARNING: pipe error: 109: file z:/build/build/src/ipc/chromium/src/chrome/common/ipc_channel_win.cc, line 346
avr. 26, 2018 22:21:05.53 [Child 15676, Chrome_ChildThread] WARNING: pipe error: 109: file z:/build/build/src/ipc/chromium/src/chrome/common/ipc_channel_win.cc, line 346
avr. 26, 2018 22:21:05.60 [Child 15676, Chrome_ChildThread] WAR
avr. 26, 2018 22:21:05.60 ###!!! [Parent][MessageChannel] Error: (msgtype=0x15008D,name=PBrowser::Msg_UpdateNativeWindowHandle) Closed channel: cannot send/recv
avr. 26, 2018 22:21:05.62 
avr. 26, 2018 22:21:05.62 
avr. 26, 2018 22:21:05.62 ###!!! [Parent][MessageChannel] Error: (msgtype=0x150080,name=PBrowser::Msg_Destroy) Closed channel: cannot send/recv
avr. 26, 2018 22:21:05.68 
avr. 26, 2018 22:21:08.25 
avr. 26, 2018 22:21:08.27 ###!!! [Child][MessageChannel::SendAndWait] Error: Channel error: cannot send/recv
avr. 26, 2018 22:21:08.28 
avr. 26, 2018 22:45:01.03 Unable to read VR Path Registry from C:\Users\Thomas\AppData\Local\openvr\openvrpaths.vrpath
avr. 26, 2018 22:45:05.27 Unable to read VR Path Registry from C:\Users\Thomas\AppData\Local\openvr\openvrpaths.vrpath
avr. 26, 2018 22:45:07.87 Unable to read VR Path Registry from C:\Users\Thomas\AppData\Local\openvr\openvrpaths.vrpath
avr. 26, 2018 22:45:08.69 Unable to read VR Path Registry from C:\Users\Thomas\AppData\Local\openvr\openvrpaths.vrpath
avr. 26, 2018 22:45:10.76 Unable to read VR Path Registry from C:\Users\Thomas\AppData\Local\openvr\openvrpaths.vrpath
avr. 26, 2018 22:45:22.47 Unable to read VR Path Registry from C:\Users\Thomas\AppData\Local\openvr\openvrpaths.vrpath
avr. 26, 2018 22:52:18.40 [Child 17932, Chrome_ChildThread] WARNING: pipe error: 109: file z:/build/build/src/ipc/chromium/src/chrome/common/ipc_channel_win.cc, line 346
avr. 26, 2018 22:52:18.62 [Child 17932, Chrome_ChildThread] WARNING: pipe error: 109: file z:/build/build/src/ipc/chromium/src/chrome/common/ipc_channel_win.cc, line 346
avr. 26, 2018 22:52:19.93 Unable to read VR Path Registry from C:\Users\Thomas\AppData\Local\openvr\openvrpaths.vrpath

avr. 27, 2018 08:30:06.76 NEW SESSION
avr. 27, 2018 08:30:06.76 Unable to read VR Path Registry from C:\Users\Thomas\AppData\Local\openvr\openvrpaths.vrpath
avr. 27, 2018 08:30:09.78 Unable to read VR Path Registry from C:\Users\Thomas\AppData\Local\openvr\openvrpaths.vrpath
avr. 27, 2018 08:30:16.79 Unable to read VR Path Registry from C:\Users\Thomas\AppData\Local\openvr\openvrpaths.vrpath
avr. 27, 2018 08:30:16.99 Unable to read VR Path Registry from C:\Users\Thomas\AppData\Local\openvr\openvrpaths.vrpath
avr. 27, 2018 08:30:25.79 Unable to read VR Path Registry from C:\Users\Thomas\AppData\Local\openvr\openvrpaths.vrpath
avr. 27, 2018 08:30:34.68 Unable to read VR Path Registry from C:\Users\Thomas\AppData\Local\openvr\openvrpaths.vrpath
avr. 27, 2018 08:32:06.77 [Parent 2096, Gecko_IOThread] WARNING: pipe error: 109: file z:/build/build/src/ipc/chromium/src/chrome/common/ipc_channel_win.cc, line 346
avr. 27, 2018 08:33:03.40 Unable to read VR Path Registry from C:\Users\Thomas\AppData\Local\openvr\openvrpaths.vrpath
avr. 27, 2018 08:35:01.42 [Child 15336, Chrome_ChildThread] WARNING: pipe error: 109: file z:/build/build/src/ipc/chromium/src/chrome/common/ipc_channel_win.cc, line 346
avr. 27, 2018 08:35:03.23 [Child 15336, Chrome_ChildThread] WARNING: pipe er[GPU 9364, Chrome_ChildT
avr. 27, 2018 08:35:03.23 ###!!! [Child][MessageChannel::SendAndWait] Error: Channel error: cannot send/recv
avr. 27, 2018 08:35:03.23 

avr. 27, 2018 08:36:07.40 NEW SESSION
avr. 27, 2018 08:36:07.40 Unable to read VR Path Registry from C:\Users\Thomas\AppData\Local\openvr\openvrpaths.vrpath
avr. 27, 2018 08:36:07.72 Unable to read VR Path Registry from C:\Users\Thomas\AppData\Local\openvr\openvrpaths.vrpath
avr. 27, 2018 08:36:08.34 Unable to read VR Path Registry from C:\Users\Thomas\AppData\Local\openvr\openvrpaths.vrpath
avr. 27, 2018 08:36:08.59 Unable to read VR Path Registry from C:\Users\Thomas\AppData\Local\openvr\openvrpaths.vrpath
avr. 27, 2018 08:36:09.97 Unable to read VR Path Registry from C:\Users\Thomas\AppData\Local\openvr\openvrpaths.vrpath
avr. 27, 2018 08:36:11.04 Unable to read VR Path Registry from C:\Users\Thomas\AppData\Local\openvr\openvrpaths.vrpath
avr. 27, 2018 08:59:02.80 Unable to read VR Path Registry from C:\Users\Thomas\AppData\Local\openvr\openvrpaths.vrpath
avr. 27, 2018 09:14:52.79 [Parent 1956, Gecko_IOThread] WARNING: pipe error: 109: file z:/build/build/src/ipc/chromium/src/chrome/common/ipc_channel_win.cc, line 346
avr. 27, 2018 09:14:52.80 [Child 15732, Chrome_ChildThread] WARNING: pipe error: 109: file z:/build/build/src/ipc/chromium/src/chrome/common/ipc_channel_win.cc, line 346
avr. 27, 2018 09:14:52.80 [Child 15732, Chrome_ChildThread] WARNING: pipe error: 109: file z:/build/build/src/ipc/chromium/src/chrome/common/ipc_channel_win.cc, line 346
avr. 27, 2018 09:17:45.56 [Parent 1956, Gecko_IOThread] WARNING: pipe error: 109: file z:/build/build/src/ipc/chromium/src/chrome/common/ipc_channel_win.cc, line 346
avr. 27, 2018 09:17:45.58 [Child 6508, Chrome_ChildThread] WARNING: pipe error: 109: file z:/build/build/src/ipc/chromium/src/chrome/common/ipc_channel_win.cc, line 346
avr. 27, 2018 09:17:46.50 [Child 6508[Child
avr. 27, 2018 09:17:46.50 ###!!! [Child][MessageChannel::SendAndWait] Error: Channel error: cannot send/recv
avr. 27, 2018 09:17:46.50 

avr. 30, 2018 18:41:21.16 NEW SESSION
avr. 30, 2018 18:41:21.16 Unable to read VR Path Registry from C:\Users\Thomas\AppData\Local\openvr\openvrpaths.vrpath
avr. 30, 2018 18:41:21.80 Unable to read VR Path Registry from C:\Users\Thomas\AppData\Local\openvr\openvrpaths.vrpath
avr. 30, 2018 18:41:22.90 Unable to read VR Path Registry from C:\Users\Thomas\AppData\Local\openvr\openvrpaths.vrpath
avr. 30, 2018 18:41:23.11 Unable to read VR Path Registry from C:\Users\Thomas\AppData\Local\openvr\openvrpaths.vrpath
avr. 30, 2018 18:41:24.08 Unable to read VR Path Registry from C:\Users\Thomas\AppData\Local\openvr\openvrpaths.vrpath
avr. 30, 2018 18:41:30.61 Unable to read VR Path Registry from C:\Users\Thomas\AppData\Local\openvr\openvrpaths.vrpath
avr. 30, 2018 18:53:39.91 Unable to read VR Path Registry from C:\Users\Thomas\AppData\Local\openvr\openvrpaths.vrpath
avr. 30, 2018 18:55:02.86 Unable to read VR Path Registry from C:\Users\Thomas\AppData\Local\openvr\openvrpaths.vrpath
avr. 30, 2018 18:55:55.71 Unable to read VR Path Registry from C:\Users\Thomas\AppData\Local\openvr\openvrpaths.vrpath
avr. 30, 2018 18:58:27.73 [Child 10932, Ch[Child 3484, Chrome_ChildThread] WARNING: pipe error: 109: file z:/build/build/src/ipc/chromium/src/chrome/common/ipc_channel_win.cc, line 346
avr. 30, 2018 18:58:27.73 [Child 3484, Chrome_ChildThread] WARNING: pipe error: 109: file z:/build/build/src/ipc/chromium/src/chrome/common/ipc_channel_win.cc, line 346
avr. 30, 2018 18:58:27.79 [Parent 6676, Gecko_IOThread] WARNING: pipe error: 109: file z:/build/build/src/ipc/chromium/src/chrome/common/ipc_channel_win.cc, line 346
avr. 30, 2018 18:58:28.57 [
avr. 30, 2018 18:58:28.57 ###!!! [Child][MessageChannel::SendAndWait] Error: Channel error: cannot send/recv
avr. 30, 2018 18:58:28.57 

mai 02, 2018 18:36:49.20 NEW SESSION
mai 02, 2018 18:36:49.20 Unable to read VR Path Registry from C:\Users\Thomas\AppData\Local\openvr\openvrpaths.vrpath
mai 02, 2018 18:36:52.59 Unable to read VR Path Registry from C:\Users\Thomas\AppData\Local\openvr\openvrpaths.vrpath
mai 02, 2018 18:36:58.68 Unable to read VR Path Registry from C:\Users\Thomas\AppData\Local\openvr\openvrpaths.vrpath
mai 02, 2018 18:37:00.61 Unable to read VR Path Registry from C:\Users\Thomas\AppData\Local\openvr\openvrpaths.vrpath
mai 02, 2018 18:37:08.71 Unable to read VR Path Registry from C:\Users\Thomas\AppData\Local\openvr\openvrpaths.vrpath
mai 02, 2018 18:37:23.04 Unable to read VR Path Registry from C:\Users\Thomas\AppData\Local\openvr\openvrpaths.vrpath
mai 02, 2018 18:38:40.13 Unable to read VR Path Registry from C:\Users\Thomas\AppData\Local\openvr\openvrpaths.vrpath
mai 02, 2018 18:39:14.45 [Child 11164, Chrome_ChildThread] WARNING: pipe error: 109: file z:/build/build/src/ipc/chromium/src/chrome/common/ipc_channel_win.cc, line 346
mai 02, 2018 18:46:10.49 Unable to read VR Path Registry from C:\Users\Thomas\AppData\Local\openvr\openvrpaths.vrpath
mai 02, 2018 18:51:57.72 [Parent 13436, Gecko_IOThread] WARNING: pipe error: 109: file z:/build/build/src/ipc/chromium/src/chrome/common/ipc_channel_win.cc, line 346
mai 02, 2018 18:51:57.73 [Child 13316, Chrome_ChildThread] WARNING: pipe error: 109: file z:/build/build/src/ipc/chromium/src/chrome/common/ipc_channel_win.cc, line 346
mai 02, 2018 18:51:57.73 [Child 13316, Chrome_ChildThread] WARNING: pipe error: 109: file z:/build/build/src/ipc/chromium/src/chrome/common/ipc_channel_win.cc, line 346
mai 02, 2018 18:51:57.95 [Child 10676, Chrome_ChildThread] WARNING: pipe error: 109: file z:/build/build/src/ipc/chromium/src/chrome/common/ipc_channel_win.cc, line 346
mai 02, 2018 18:51:58.20 [Child 10676, Chrome_ChildThread] WARNING: pip[Child 9332, Chrome_ChildThread] WARNING: pipe error: 109: file z:/build/build/src/ipc/chromium/src/chrome/common/ipc_channel_win.cc, line 346
mai 02, 2018 18:56:28.52 [Child 9332, Chrome_ChildThread] WARNING: pipe error: 1Unable to read VR Path Registry from C:\Users\Thomas\AppData\Local\openvr\openvrpaths.vrpath
mai 02, 2018 18:56:30.14 Unable to read VR Path Registry from C:\Users\Thomas\AppData\Local\openvr\openvrpaths.vrpath
mai 02, 2018 18:58:14.63 Unable to read VR Path Registry from C:\Users\Thomas\AppData\Local\openvr\openvrpaths.vrpath
mai 02, 2018 18:58:15.01 [Child 3340, Chrome_ChildThread] WARNING: pipe error: 109: file z:/build/build/src/ipc/chromium/src/chrome/common/ipc_channel_win.cc, line 346
mai 02, 2018 18:58:47.87 Unable to read VR Path Registry from C:\Users\Thomas\AppData\Local\openvr\openvrpaths.vrpath
mai 02, 2018 19:02:50.90 [Child 3776, Chrome_ChilUnable to read VR Path Registry from C:\Users\Thomas\AppData\Local\openvr\openvrpaths.vrpath
mai 02, 2018 19:02:52.80 Unable to read VR Path Registry from C:\Users\Thomas\AppData\Local\openvr\openvrpaths.vrpath
mai 02, 2018 19:24:55.90 [Parent 13436, Gecko_IOThread] WARNING: pipe error: 109: file z:/build/build/src/ipc/chromium/src/chrome/common/ipc_channel_win.cc, line 346
mai 02, 2018 19:24:55.90 [Child 7764, Chrome_ChildThread] WARNING: pipe error: 109: file z:/build/build/src/ipc/chromium/src/chrome/common/ipc_channel_win.cc, line 346
mai 02, 2018 19:24:56.57 [Child 12192, Chrome_ChildThread] WARNING: pipe error: 109: file z:/build/build/src/ipc/chromium/src/chrome/common/ipc_channel_win.cc, line 346
mai 02, 2018 19:24:56.57 [Child 12192, Chrome_ChildThread] WARNING: pipe error: 109: file z:/build/build/src/ipc/chromium/src/chrome/common/ipc_channel_win.cc, line 346
mai 02, 2018 19:26:33.94 Unable to read VR Path Registry from C:\Users\Thomas\AppData\Local\openvr\openvrpaths.vrpath
mai 02, 2018 19:26:35.55 Unable to read VR Path Registry from C:\Users\Thomas\AppData\Local\openvr\openvrpaths.vrpath
mai 02, 2018 19:32:45.46 Unable to read VR Path Registry from C:\Users\Thomas\AppData\Local\openvr\openvrpaths.vrpath

mai 03, 2018 17:19:52.89 NEW SESSION
mai 03, 2018 17:19:52.89 Unable to read VR Path Registry from C:\Users\Thomas\AppData\Local\openvr\openvrpaths.vrpath
mai 03, 2018 17:19:57.04 Unable to read VR Path Registry from C:\Users\Thomas\AppData\Local\openvr\openvrpaths.vrpath
mai 03, 2018 17:20:02.38 Unable to read VR Path Registry from C:\Users\Thomas\AppData\Local\openvr\openvrpaths.vrpath
mai 03, 2018 17:20:03.42 Unable to read VR Path Registry from C:\Users\Thomas\AppData\Local\openvr\openvrpaths.vrpath
mai 03, 2018 17:20:10.74 Unable to read VR Path Registry from C:\Users\Thomas\AppData\Local\openvr\openvrpaths.vrpath
mai 03, 2018 17:20:19.16 Unable to read VR Path Registry from C:\Users\Thomas\AppData\Local\openvr\openvrpaths.vrpath
mai 03, 2018 17:22:13.31 [Parent 8736, Gecko_IOThread] WARNING: pipe error: 109: file z:/build/build/src/ipc/chromium/src/chrome/common/ipc_channel_win.cc, line 346
mai 03, 2018 17:23:07.20 Unable to read VR Path Registry from C:\Users\Thomas\AppData\Local\openvr\openvrpaths.vrpath
mai 03, 2018 17:38:20.29 Unable to read VR Path Registry from C:\Users\Thomas\AppData\Local\openvr\openvrpaths.vrpath
mai 03, 2018 17:45:27.46 [Parent 8736, Gecko_IOThread] WARNING: pipe error: 109: file z:/build/build/src/ipc/chromium/src/chrome/common/ipc_channel_win.cc, line 346
mai 03, 2018 17:45:27.46 [Child 11192, Chrome_ChildThread] WARNING: pipe error: 109: file z:/build/build/src/ipc/chromium/src/chrome/common/ipc_channel_win.cc, line 346
mai 03, 2018 17:45:30.19 [Parent 8736, Gecko_IOThread] WARNING: pipe error: 109: file z:/build/build/src/ipc/chromium/src/chrome/common/ipc_channel_win.cc, line 346
mai 03, 2018 17:45:30.19 [Parent 8736, Gecko_IOThread] WARNING: pipe error: 109: file z:/build/build/src/ipc/chromium/src/chrome/common/ipc_channel_win.cc, line 346
mai 03, 2018 17:45:30.21 [Child 3204, Chrome_ChildThread] WARNING: pipe error: 109: file z:/build/build/src/ipc/chromium/src/chrome/common/ipc_channel_win.cc, line 346
mai 03, 2018 17:45:30.21 [Child 3204, Chrome_ChildThread] WARNING: pipe error: 109: file z:/build/build/src/ipc/chromium/src/chrome/common/ipc_channel_win.cc, line 346
mai 03, 2018 17:45:30.21 [Child 7408, Chrome_ChildThread] WARNING: pipe error: 109: file z:/build/build/src/ipc/chromium/src/chrome/common/ipc_channel_win.cc, line 346

mai 04, 2018 18:48:56.83 NEW SESSION
mai 04, 2018 18:48:56.83 Unable to read VR Path Registry from C:\Users\Thomas\AppData\Local\openvr\openvrpaths.vrpath
mai 04, 2018 18:48:57.52 Unable to read VR Path Registry from C:\Users\Thomas\AppData\Local\openvr\openvrpaths.vrpath
mai 04, 2018 18:48:58.79 Unable to read VR Path Registry from C:\Users\Thomas\AppData\Local\openvr\openvrpaths.vrpath
mai 04, 2018 18:48:58.93 Unable to read VR Path Registry from C:\Users\Thomas\AppData\Local\openvr\openvrpaths.vrpath
mai 04, 2018 18:49:00.36 Unable to read VR Path Registry from C:\Users\Thomas\AppData\Local\openvr\openvrpaths.vrpath
mai 04, 2018 18:49:02.11 Unable to read VR Path Registry from C:\Users\Thomas\AppData\Local\openvr\openvrpaths.vrpath
mai 04, 2018 18:51:01.63 [Child 10316, Chrome_ChildThread] WARNING: pipe error: 109: file z:/build/build/src/ipc/chromium/src/chrome/common/ipc_channel_win.cc, line 346
mai 04, 2018 18:51:29.57 [Child 10316, Chrome_ChildThread] WARNINGUnable to read VR Path Registry from C:\Users\Thomas\AppData\Local\openvr\openvrpaths.vrpath
mai 04, 2018 18:52:24.91 Unable to read VR Path Registry from C:\Users\Thomas\AppData\Local\openvr\openvrpaths.vrpath
mai 04, 2018 18:52:25.87 [Child 6624, Chrome_ChildThread] WARNING: pipe error: 109: file z:/build/build/src/ipc/chromium/src/chrome/common/ipc_channel_win.cc, line 346
mai 04, 2018 18:53:39.11 [Child 6624, Chrome_ChildThread] WARNING: Unable to read VR Path Registry from C:\Users\Thomas\AppData\Local\openvr\openvrpaths.vrpath
mai 04, 2018 18:53:43.37 [Parent 13976, Gecko_IOThread] WARNING: pipe error: 109: file z:/build/build/src/ipc/chromium/src/chrome/common/ipc_channel_win.cc, line 346
mai 04, 2018 18:53:43.37 [Child 9864, Chrome_ChildThread] WARNING: pipe error: 109: file z:/build/build/src/ipc/chromium/src/chrome/common/ipc_channel_win.cc, line 346
mai 04, 2018 18:57:18.41 [Child 9864, Chrome_ChildThread] WARNING: pipe error: 109: file z:/build/build/src/ipc/cUnable to read VR Path Registry from C:\Users\Thomas\AppData\Local\openvr\openvrpaths.vrpath
mai 04, 2018 18:57:19.52 [Parent 13976, Gecko_IOThread] WARNING: pipe error: 109: file z:/build/build/src/ipc/chromium/src/chrome/common/ipc_channel_win.cc, line 346
mai 04, 2018 18:57:19.52 [Child 5716, Chrome_ChildThread] WARNING: pipe error: 109: file z:/build/build/src/ipc/chromium/src/chrome/common/ipc_channel_win.cc, line 346
mai 04, 2018 18:58:08.03 Unable to read VR Path Registry from C:\Users\Thomas\AppData\Local\openvr\openvrpaths.vrpath
mai 04, 2018 18:59:46.48 [Child 3028, Chrome_ChildThread] WARNING: pipe error: 109: file z:/build/build/src/ipc/chromium/src/chrome/common/ipc_channel_win.cc, line 346
mai 04, 2018 18:59:47.87 [Child 3028, Chrome_ChildThread] WARNING: pipe error: 109: file z[Parent 13976, Gecko_IOThread] WARNING: pipe error: 109: file z:/build/build/src/ipc/chromium/src/chrome/common/ipc_channel_win.cc, line 346
mai 04, 2018 18:59:47.88 [Child 1196, Chrome_ChildThread] WARNING: pipe error: 109: file z:/build/build/src/ipc/chromium/src/chrome/common/ipc_channel_win.cc, line 346
mai 04, 2018 19:01:04.93 [Child 1196, Chrome_ChildTUnable to read VR Path Registry from C:\Users\Thomas\AppData\Local\openvr\openvrpaths.vrpath
mai 04, 2018 19:01:06.62 Unable to read VR Path Registry from C:\Users\Thomas\AppData\Local\openvr\openvrpaths.vrpath
mai 04, 2018 19:04:01.21 Unable to read VR Path Registry from C:\Users\Thomas\AppData\Local\openvr\openvrpaths.vrpath
mai 04, 2018 19:05:56.20 [Child 1840, Chrome_ChildThread] WUnable to read VR Path Registry from C:\Users\Thomas\AppData\Local\openvr\openvrpaths.vrpath
mai 04, 2018 19:05:58.31 [Child 11716, Chrome_ChildThread] WARNING: pipe error: 109: file z:/build/build/src/ipc/chromium/src/chrome/common/ipc_channel_win.cc, line 346
mai 04, 2018 19:05:58.70 [Child 11716, Chrome_ChildThread] WARNING: pipe error: 109: file[Child 10088, Chrome_ChildThread] WARNING: pipe error: 109: file z:/build/build/src/ipc/chromium/src/chrome/common/ipc_channel_win.cc, line 346
mai 04, 2018 19:06:43.08 [Child 10088, Chrome_ChildThread] WARNING: pipe error: 1Unable to read VR Path Registry from C:\Users\Thomas\AppData\Local\openvr\openvrpaths.vrpath
mai 04, 2018 19:06:44.26 [Parent 13976, Gecko_IOThread] WARNING: pipe error: 109: file z:/build/build/src/ipc/chromium/src/chrome/common/ipc_channel_win.cc, line 346
mai 04, 2018 19:06:44.27 [Child 9388, Chrome_ChildThread] WARNING: pipe error: 109: file z:/build/build/src/ipc/chromium/src/chrome/common/ipc_channel_win.cc, line 346
mai 04, 2018 19:06:44.76 [Child 9388, Chrome_ChildThread] WARNING: pipe error: 109: file z:/buildUnable to read VR Path Registry from C:\Users\Thomas\AppData\Local\openvr\openvrpaths.vrpath
mai 04, 2018 19:12:01.67 [Child 9776, Chrome_ChildThread] WARNING: pipe error: 109: file z:/build/build/src/ipc/chromium/src/chrome/common/ipc_channel_win.cc, line 346
mai 04, 2018 19:12:01.86 [Child 9776, Chrome_ChildUnable to read VR Path Registry from C:\Users\Thomas\AppData\Local\openvr\openvrpaths.vrpath
mai 04, 2018 19:12:30.97 Unable to read VR Path Registry from C:\Users\Thomas\AppData\Local\openvr\openvrpaths.vrpath
mai 04, 2018 19:14:18.86 [Child 9296, Chrome_ChildThread] WAUnable to read VR Path Registry from C:\Users\Thomas\AppData\Local\openvr\openvrpaths.vrpath
mai 04, 2018 19:15:05.24 [Child 8520, Chrome_ChildThread] WARNING: pipe error: 109: file z:/build/build/src/ipc/chromium/src/chrome/common/ipc_channel_win.cc, line 346
mai 04, 2018 19:16:31.62 [Child 8520, Chrome_ChildThread] WARNING: pipeUnable to read VR Path Registry from C:\Users\Thomas\AppData\Local\openvr\openvrpaths.vrpath
mai 04, 2018 19:18:40.66 [Child 1620, Chrome_ChildThread] WARNING: pipe error: 109:Unable to read VR Path Registry from C:\Users\Thomas\AppData\Local\openvr\openvrpaths.vrpath
mai 04, 2018 19:22:20.65 Unable to read VR Path Registry from C:\Users\Thomas\AppData\Local\openvr\openvrpaths.vrpath
mai 04, 2018 19:24:31.23 [Child 14Unable to read VR Path Registry from C:\Users\Thomas\AppData\Local\openvr\openvrpaths.vrpath
mai 04, 2018 19:27:47.34 [Child 10084, Chrome_ChildThread] WARNING: pipe error: 109: file z:/build/build/src/ipc/chromium/src/chrome/common/ipc_channel_win.cc, line 346
mai 04, 2018 19:29:09.71 [Child 100Unable to read VR Path Registry from C:\Users\Thomas\AppData\Local\openvr\openvrpaths.vrpath
mai 04, 2018 19:29:25.24 [Parent 13976, Gecko_IOThread] WARNING: pipe error: 109: file z:/build/build/src/ipc/chromium/src/chrome/common/ipc_channel_win.cc, line 346
mai 04, 2018 19:29:25.24 [Child 13500, Chrome_ChildThread] WARNING: pipe error: 109: file z:/build/build/src/ipc/chromium/src/chrome/common/ipc_channel_win.cc, line 346
mai 04, 2018 19:29:25.24 [Child 13500, Chrome_ChildThread] WARNING: pipe error: 109: file z:/build/build/src/ipc/chromium/src/chrome/common/ipc_channel_win.cc, line 346
mai 04, 2018 19:29:26.96 [Parent 13976, Gecko_IOThread] WARNING: pipe error: 109: file z:/build/build/src/ipc/chromium/src/chrome/common/ipc_channel_win.cc, line 346
mai 04, 2018 19:29:26.98 [Parent 13976, Gecko_IOThread] WARNING: pipe error: 109: file z:/build/build/src/ipc/chromium/src/chrome/common/ipc_channel_win.cc, line 346
mai 04, 2018 19:29:26.98 [Parent 13976, Gecko_IOThread] WARNING: pipe error: 109: file z:/build/build/src/ipc/chromium/src/chrome/common/ipc_channel_win.cc, line 346
mai 04, 2018 19:29:26.99 [Parent 13976, Gecko_IOThread] WARNING: pipe error: 109: file z:/build/build/src/ipc/chromium/src/chrome/common/ipc_channel_win.cc, line 346
mai 04, 2018 19:29:27.02 [Child 7508, Chrome_ChildThread] WARNING: pipe error: 109: file z:/build/build/src/ipc/chromium/src/chrome/common/ipc_channel_win.cc, line 346
mai 04, 2018 19:29:27.02 [Child 8608, Chrome_ChildThread] WARNING: pipe error: 109: file z:/build/build/src/ipc/chromium/src/chrome/common/ipc_channel_win.cc, line 346
mai 04, 2018 19:29:27.04 [Child 8608, Chrome_ChildThread] WARNING: pipe error: 109: file z:/build/build/src/ipc/chromium/src/chrome/common/ipc_channel_win.cc, line 346
mai 04, 2018 19:29:27.04 [Child 9128, Chrome_ChildThread] WARNING: pipe error: 109: file z:/build/build/src/ipc/chromium/src/chrome/common/ipc_channel_win.cc, line 346
mai 04, 2018 19:29:27.54 
mai 04, 2018 19:29:27.55 ###!!! [Child][MessageChannel::SendAndWait] Error: Channel error: cannot send/recv
mai 04, 2018 19:29:27.55 
